<?xml version="1.0" encoding="UTF-8"?>
<testsuite name="com.trackingdetector.trackingdetectorservice.extractor.FeatureExtractorUtilsTest" tests="1" skipped="0" failures="0" errors="0" timestamp="2023-03-27T13:20:28" hostname="heschwerdt-linux" time="0.019">
  <properties/>
  <testcase name="should_extract_url_exactly_as_in_node_when_bigger()" classname="com.trackingdetector.trackingdetectorservice.extractor.FeatureExtractorUtilsTest" time="0.019"/>
  <system-out><![CDATA[]]></system-out>
  <system-err><![CDATA[]]></system-err>
</testsuite>
